2023-12-15 19:48:22.615 - DBeaver 23.3.0.202312031432 is starting
2023-12-15 19:48:22.617 - OS: Windows 11 10.0 (amd64)
2023-12-15 19:48:22.617 - Java version: 17.0.6 by Eclipse Adoptium (64bit)
2023-12-15 19:48:22.618 - Install path: 'C:\Program Files\DBeaver'
2023-12-15 19:48:22.618 - Instance path: 'file:/C:/Users/Le-Yo/Documents/My code/2.PROJECTS/01-starting-setup/'
2023-12-15 19:48:22.618 - Memory available 64Mb/1024Mb
2023-12-15 19:48:22.640 - Create display
2023-12-15 19:48:22.896 - Initializing DBeaver 23.3.0
2023-12-15 19:48:22.898 - Host plugin: org.jkiss.dbeaver.ui.app.standalone 23.3.0.202312031432
2023-12-15 19:48:22.899 - Initialize desktop platform...
2023-12-15 19:48:23.216 - BounceCastle bundle found. Use JCE provider BC
> Start Core File Systems [org.eclipse.core.filesystem 1.10.100.v20230717-1727]
> Start Core Resource Management [org.eclipse.core.resources 3.19.100.v20230814-1312]
> Start Team Support Core [org.eclipse.team.core 3.10.100.v20230726-0617]
> Start DBeaver UI Navigator [org.jkiss.dbeaver.ui.navigator 1.0.120.202312031432]
2023-12-15 19:48:23.718 - Initialize base platform...
2023-12-15 19:48:23.752 - Platform initialized (853ms)
2023-12-15 19:48:23.833 - Starting instance server at http://localhost:49629
2023-12-15 19:48:23.885 - Run workbench
> Start DBeaver UI [org.jkiss.dbeaver.ui 5.1.135.202312031432]
> Start Eclipse e4 Workbench SWT [org.eclipse.e4.ui.workbench.swt 0.17.100.v20230727-0604]
> Start Eclipse Application Services [org.eclipse.e4.core.services 2.4.100.v20230708-0809]
> Start Eclipse UI Application Services [org.eclipse.e4.ui.services 1.6.100.v20230630-1554]
> Start Eclipse e4 Progress View [org.eclipse.e4.ui.progress 0.4.100.v20230727-0604]
> Start Eclipse Bindings Support [org.eclipse.e4.ui.bindings 0.14.100.v20230630-1554]
> Start Eclipse e4 core commands [org.eclipse.e4.core.commands 1.1.100.v20230630-1554]
> Start EMF XML/XMI Persistence [org.eclipse.emf.ecore.xmi 2.35.0.v20230801-1141]
> Start Eclipse CSS SWT Theme Support [org.eclipse.e4.ui.css.swt.theme 0.14.100.v20230727-0604]
> Start Eclipse e4 Workbench Add-ons [org.eclipse.e4.ui.workbench.addons.swt 1.5.100.v20230727-0604]
> Start Eclipse e4 Workbench SWT Renderer [org.eclipse.e4.ui.workbench.renderers.swt 0.16.100.v20230801-1255]
> Start Eclipse Dependency Injection Extensions [org.eclipse.e4.core.di.extensions 0.18.0.v20230429-1914]
> Start Eclipse CSS SWT Support [org.eclipse.e4.ui.css.swt 0.15.100.v20230727-0604]
> Start jna [com.sun.jna 5.13.0.v20230812-1000]
2023-12-15 19:48:33.797 - Configure workbench window
> Start DBeaver SQL Model [org.jkiss.dbeaver.model.sql 1.0.110.202312031432]
2023-12-15 19:48:33.995 - Total database drivers: 108 (108)
> Start Help System Core [org.eclipse.help 3.10.100.v20230726-0617]
2023-12-15 19:48:34.184 - Create actions
2023-12-15 19:48:34.196 - Disable Eclipse action set 'org.eclipse.ui.edit.text.actionSet.annotationNavigation'
2023-12-15 19:48:34.196 - Disable Eclipse action set 'org.eclipse.ui.WorkingSetActionSet'
2023-12-15 19:48:34.197 - Disable Eclipse action set 'org.eclipse.ui.actionSet.openFiles'
2023-12-15 19:48:34.885 - Initialize workbench window
2023-12-15 19:48:34.892 - Finish initialization
> Start Default Text Editor [org.eclipse.ui.editors 3.17.0.v20230821-1342]
> Start Text Editor Framework [org.eclipse.ui.workbench.texteditor 3.17.100.v20230821-0745]
> Start DBeaver UI Editors - Data [org.jkiss.dbeaver.ui.editors.data 1.0.120.202312031432]
> Start Internet Connection Management UI [org.eclipse.ui.net 1.5.100.v20230726-0617]
> Start Internet Connection Management [org.eclipse.core.net 1.5.100.v20230630-1232]
> Start DBeaver Sample Database [org.jkiss.dbeaver.ext.sample.database 1.0.157.202312031432]
> Start DBeaver Tip of the day [org.jkiss.dbeaver.ext.ui.tipoftheday 1.0.126.202312031432]
> Start DBeaver UI Editors - SQL [org.jkiss.dbeaver.ui.editors.sql 1.0.120.202312031432]
> Start GEF Classic Draw2d [org.eclipse.draw2d 3.14.0.202308311129]
> Start GEF Classic GEF (MVC) [org.eclipse.gef 3.15.0.202308311129]
> Start DBeaver ERD UI [org.jkiss.dbeaver.erd.ui 3.0.80.202312031432]
> Start DBeaver ERD Model [org.jkiss.dbeaver.erd.model 1.0.80.202312031432]
2023-12-15 19:48:36.534 - Connect with 'localhost' (mysql8-18c5191aa47-269d5058e7808da9)
> Start DBeaver JDBC Model [org.jkiss.dbeaver.model.jdbc 1.0.13.202312031432]
> Start DBeaver MySQL Support [org.jkiss.dbeaver.ext.mysql 2.1.205.202312031432]
2023-12-15 19:48:36.582 - Execution context opened (localhost; Main; 0)
> Start DBeaver GIS Support [org.jkiss.dbeaver.data.gis 1.0.144.202312031432]
2023-12-15 19:48:36.887 - Execution context opened (localhost; Metadata; 1)
2023-12-15 19:48:36.953 - Connected (mysql8-18c5191aa47-269d5058e7808da9, MySQL Connector/J [mysql-connector-j-8.2.0 (Revision: 06a1f724497fd81c6a659131fda822c9e5085b6c)])
2023-12-15 19:48:39.329 - Open [https://dbeaver.io/product/version.xml]
2023-12-15 19:48:54.064 - DBeaver is stopping
2023-12-15 19:48:54.065 - Stop instance server
2023-12-15 19:48:55.066 - DBeaver shutdown completed
